<?xml version="1.0" encoding="UTF-8"?>
<testng-results ignored="0" total="4" passed="4" failed="0" skipped="0">
  <reporter-output>
  </reporter-output>
  <suite started-at="2023-12-12T12:14:45 IST" name="Suite" finished-at="2023-12-12T12:15:36 IST" duration-ms="51233">
    <groups>
    </groups>
    <test started-at="2023-12-12T12:14:45 IST" name="Test" finished-at="2023-12-12T12:15:36 IST" duration-ms="51233">
      <class name="com.SauceDemo.TestClasses.TC01LoginFunctionality">
        <test-method is-config="true" signature="setUp(java.lang.String)[pri:0, instance:com.SauceDemo.TestClasses.TC01LoginFunctionality@712625fd]" started-at="2023-12-12T12:14:45 IST" name="setUp" finished-at="2023-12-12T12:14:58 IST" duration-ms="13799" status="PASS">
          <params>
            <param index="0">
              <value>
                <![CDATA[chrome]]>
              </value>
            </param>
          </params>
          <reporter-output>
          </reporter-output>
        </test-method> <!-- setUp -->
        <test-method signature="loginFunctionalityTest()[pri:0, instance:com.SauceDemo.TestClasses.TC01LoginFunctionality@712625fd]" started-at="2023-12-12T12:14:58 IST" name="loginFunctionalityTest" finished-at="2023-12-12T12:14:59 IST" duration-ms="693" status="PASS">
          <reporter-output>
          </reporter-output>
        </test-method> <!-- loginFunctionalityTest -->
        <test-method is-config="true" signature="tesrDown()[pri:0, instance:com.SauceDemo.TestClasses.TC01LoginFunctionality@712625fd]" started-at="2023-12-12T12:14:59 IST" name="tesrDown" finished-at="2023-12-12T12:15:01 IST" duration-ms="2023" status="PASS">
          <reporter-output>
          </reporter-output>
        </test-method> <!-- tesrDown -->
      </class> <!-- com.SauceDemo.TestClasses.TC01LoginFunctionality -->
      <class name="com.SauceDemo.TestClasses.TC03SingleProductAddToCartFunctionality">
        <test-method is-config="true" signature="setUp(java.lang.String)[pri:0, instance:com.SauceDemo.TestClasses.TC03SingleProductAddToCartFunctionality@183ec003]" started-at="2023-12-12T12:15:15 IST" name="setUp" finished-at="2023-12-12T12:15:23 IST" duration-ms="7531" status="PASS">
          <params>
            <param index="0">
              <value>
                <![CDATA[chrome]]>
              </value>
            </param>
          </params>
          <reporter-output>
          </reporter-output>
        </test-method> <!-- setUp -->
        <test-method signature="SingleProductAddToCartFunctionality()[pri:0, instance:com.SauceDemo.TestClasses.TC03SingleProductAddToCartFunctionality@183ec003]" started-at="2023-12-12T12:15:23 IST" name="SingleProductAddToCartFunctionality" finished-at="2023-12-12T12:15:24 IST" duration-ms="984" status="PASS">
          <reporter-output>
          </reporter-output>
        </test-method> <!-- SingleProductAddToCartFunctionality -->
        <test-method is-config="true" signature="tesrDown()[pri:0, instance:com.SauceDemo.TestClasses.TC03SingleProductAddToCartFunctionality@183ec003]" started-at="2023-12-12T12:15:24 IST" name="tesrDown" finished-at="2023-12-12T12:15:25 IST" duration-ms="1846" status="PASS">
          <reporter-output>
          </reporter-output>
        </test-method> <!-- tesrDown -->
      </class> <!-- com.SauceDemo.TestClasses.TC03SingleProductAddToCartFunctionality -->
      <class name="com.SauceDemo.TestClasses.TC04MultipleProductAddToCartFunctionality">
        <test-method is-config="true" signature="setUp(java.lang.String)[pri:0, instance:com.SauceDemo.TestClasses.TC04MultipleProductAddToCartFunctionality@7d9d0818]" started-at="2023-12-12T12:15:25 IST" name="setUp" finished-at="2023-12-12T12:15:33 IST" duration-ms="7413" status="PASS">
          <params>
            <param index="0">
              <value>
                <![CDATA[chrome]]>
              </value>
            </param>
          </params>
          <reporter-output>
          </reporter-output>
        </test-method> <!-- setUp -->
        <test-method signature="MultipleProductAddToCartFunctionality()[pri:0, instance:com.SauceDemo.TestClasses.TC04MultipleProductAddToCartFunctionality@7d9d0818]" started-at="2023-12-12T12:15:33 IST" name="MultipleProductAddToCartFunctionality" finished-at="2023-12-12T12:15:34 IST" duration-ms="1180" status="PASS">
          <reporter-output>
          </reporter-output>
        </test-method> <!-- MultipleProductAddToCartFunctionality -->
        <test-method is-config="true" signature="tesrDown()[pri:0, instance:com.SauceDemo.TestClasses.TC04MultipleProductAddToCartFunctionality@7d9d0818]" started-at="2023-12-12T12:15:34 IST" name="tesrDown" finished-at="2023-12-12T12:15:36 IST" duration-ms="1838" status="PASS">
          <reporter-output>
          </reporter-output>
        </test-method> <!-- tesrDown -->
      </class> <!-- com.SauceDemo.TestClasses.TC04MultipleProductAddToCartFunctionality -->
      <class name="com.SauceDemo.TestClasses.TC02LogoutFunctionality">
        <test-method is-config="true" signature="setUp(java.lang.String)[pri:0, instance:com.SauceDemo.TestClasses.TC02LogoutFunctionality@7c137fd5]" started-at="2023-12-12T12:15:01 IST" name="setUp" finished-at="2023-12-12T12:15:09 IST" duration-ms="7557" status="PASS">
          <params>
            <param index="0">
              <value>
                <![CDATA[chrome]]>
              </value>
            </param>
          </params>
          <reporter-output>
          </reporter-output>
        </test-method> <!-- setUp -->
        <test-method signature="LogoutFunctionality()[pri:0, instance:com.SauceDemo.TestClasses.TC02LogoutFunctionality@7c137fd5]" started-at="2023-12-12T12:15:09 IST" name="LogoutFunctionality" finished-at="2023-12-12T12:15:13 IST" duration-ms="4567" status="PASS">
          <reporter-output>
          </reporter-output>
        </test-method> <!-- LogoutFunctionality -->
        <test-method is-config="true" signature="tesrDown()[pri:0, instance:com.SauceDemo.TestClasses.TC02LogoutFunctionality@7c137fd5]" started-at="2023-12-12T12:15:13 IST" name="tesrDown" finished-at="2023-12-12T12:15:15 IST" duration-ms="1718" status="PASS">
          <reporter-output>
          </reporter-output>
        </test-method> <!-- tesrDown -->
      </class> <!-- com.SauceDemo.TestClasses.TC02LogoutFunctionality -->
    </test> <!-- Test -->
  </suite> <!-- Suite -->
</testng-results>
